<?xml version="1.0" encoding="UTF-8"?>
<!-- Generated by org.testng.reporters.JUnitXMLReporter -->
<testsuite hostname="life-ubt" name="Surefire test" tests="2" failures="0" timestamp="28 Mar 2020 16:24:45 GMT" time="0.106" errors="0">
  <testcase name="testAddition on testAddition(com.nackademin.teau.lectures_demo_calculator.CalculatorTest)" time="0.02" classname="com.nackademin.teau.lectures_demo_calculator.CalculatorTest"/>
  <testcase name="testSubtraction on testSubtraction(com.nackademin.teau.lectures_demo_calculator.CalculatorTest)" time="0.001" classname="com.nackademin.teau.lectures_demo_calculator.CalculatorTest"/>
</testsuite> <!-- Surefire test -->
